4.000000e-01 7.122913e-01 2.788758e-04 7.125701e-01
4.000000e-01 7.122913e-01 2.788758e-04 7.125701e-01
8.000000e-01 7.122942e-01 2.758945e-04 7.125701e-01
8.000000e-01 7.122942e-01 2.758945e-04 7.125701e-01
1.200000e+00 7.122917e-01 2.783970e-04 7.125701e-01
1.200000e+00 7.122917e-01 2.783970e-04 7.125701e-01
1.600000e+00 7.122904e-01 2.797535e-04 7.125701e-01
1.600000e+00 7.122904e-01 2.797535e-04 7.125701e-01
2.000000e+00 7.122918e-01 2.783322e-04 7.125701e-01
2.000000e+00 7.122918e-01 2.783322e-04 7.125701e-01
2.400000e+00 7.122929e-01 2.771984e-04 7.125701e-01
2.400000e+00 7.122929e-01 2.771984e-04 7.125701e-01
2.800000e+00 7.122938e-01 2.763503e-04 7.125701e-01
2.800000e+00 7.122938e-01 2.763503e-04 7.125701e-01
3.200000e+00 7.122932e-01 2.769047e-04 7.125701e-01
3.200000e+00 7.122932e-01 2.769047e-04 7.125701e-01
3.600000e+00 7.122922e-01 2.779106e-04 7.125701e-01
3.600000e+00 7.122922e-01 2.779106e-04 7.125701e-01
4.000000e+00 7.122900e-01 2.801432e-04 7.125701e-01
4.000000e+00 7.122900e-01 2.801432e-04 7.125701e-01
4.400000e+00 7.122878e-01 2.823079e-04 7.125701e-01
4.400000e+00 7.122878e-01 2.823079e-04 7.125701e-01
4.800000e+00 7.122887e-01 2.814537e-04 7.125701e-01
4.800000e+00 7.122887e-01 2.814537e-04 7.125701e-01
5.200000e+00 7.122909e-01 2.791975e-04 7.125701e-01
5.200000e+00 7.122909e-01 2.791975e-04 7.125701e-01
5.600000e+00 7.122932e-01 2.769369e-04 7.125701e-01
5.600000e+00 7.122932e-01 2.769369e-04 7.125701e-01
6.000000e+00 7.122940e-01 2.761118e-04 7.125701e-01
6.000000e+00 7.122940e-01 2.761118e-04 7.125701e-01
6.400000e+00 7.122933e-01 2.767995e-04 7.125701e-01
6.400000e+00 7.122933e-01 2.767995e-04 7.125701e-01
6.800000e+00 7.122922e-01 2.779450e-04 7.125701e-01
6.800000e+00 7.122922e-01 2.779450e-04 7.125701e-01
7.200000e+00 7.122905e-01 2.796141e-04 7.125701e-01
7.200000e+00 7.122905e-01 2.796141e-04 7.125701e-01
7.600000e+00 7.122910e-01 2.790909e-04 7.125701e-01
7.600000e+00 7.122910e-01 2.790909e-04 7.125701e-01
8.000000e+00 7.122933e-01 2.768712e-04 7.125701e-01
8.000000e+00 7.122933e-01 2.768712e-04 7.125701e-01
8.400000e+00 7.122928e-01 2.772796e-04 7.125701e-01
8.400000e+00 7.122928e-01 2.772796e-04 7.125701e-01
8.800000e+00 7.122920e-01 2.781411e-04 7.125701e-01
8.800000e+00 7.122920e-01 2.781411e-04 7.125701e-01
9.200000e+00 7.122909e-01 2.792422e-04 7.125701e-01
9.200000e+00 7.122909e-01 2.792422e-04 7.125701e-01
9.600000e+00 7.122867e-01 2.834190e-04 7.125701e-01
9.600000e+00 7.122867e-01 2.834190e-04 7.125701e-01
1.000000e+01 7.122885e-01 2.815960e-04 7.125701e-01
1.000000e+01 7.122885e-01 2.815960e-04 7.125701e-01
1.040000e+01 7.122936e-01 2.765623e-04 7.125701e-01
1.040000e+01 7.122936e-01 2.765623e-04 7.125701e-01
1.080000e+01 7.122897e-01 2.804375e-04 7.125701e-01
1.080000e+01 7.122897e-01 2.804375e-04 7.125701e-01
1.120000e+01 7.122923e-01 2.778566e-04 7.125701e-01
1.120000e+01 7.122923e-01 2.778566e-04 7.125701e-01
1.160000e+01 7.122967e-01 2.734197e-04 7.125701e-01
1.160000e+01 7.122967e-01 2.734197e-04 7.125701e-01
1.200000e+01 7.122864e-01 2.837552e-04 7.125701e-01
1.200000e+01 7.122864e-01 2.837552e-04 7.125701e-01
1.240000e+01 7.122908e-01 2.793808e-04 7.125701e-01
1.240000e+01 7.122908e-01 2.793808e-04 7.125701e-01
1.280000e+01 7.123005e-01 2.696515e-04 7.125701e-01
1.280000e+01 7.123005e-01 2.696515e-04 7.125701e-01
1.320000e+01 7.122869e-01 2.832733e-04 7.125701e-01
1.320000e+01 7.122869e-01 2.832733e-04 7.125701e-01
1.360000e+01 7.122891e-01 2.810398e-04 7.125701e-01
1.360000e+01 7.122891e-01 2.810398e-04 7.125701e-01
1.400000e+01 7.122997e-01 2.704719e-04 7.125701e-01
1.400000e+01 7.122997e-01 2.704719e-04 7.125701e-01
1.440000e+01 7.122836e-01 2.864961e-04 7.125701e-01
1.440000e+01 7.122836e-01 2.864961e-04 7.125701e-01
1.480000e+01 7.122850e-01 2.851044e-04 7.125701e-01
1.480000e+01 7.122850e-01 2.851044e-04 7.125701e-01
1.520000e+01 7.123014e-01 2.687168e-04 7.125701e-01
1.520000e+01 7.123014e-01 2.687168e-04 7.125701e-01
1.560000e+01 7.122877e-01 2.824275e-04 7.125701e-01
1.560000e+01 7.122877e-01 2.824275e-04 7.125701e-01
1.600000e+01 7.122835e-01 2.866187e-04 7.125701e-01
1.600000e+01 7.122835e-01 2.866187e-04 7.125701e-01
1.640000e+01 7.123017e-01 2.683868e-04 7.125701e-01
1.640000e+01 7.123017e-01 2.683868e-04 7.125701e-01
1.680000e+01 7.122903e-01 2.798462e-04 7.125701e-01
1.680000e+01 7.122903e-01 2.798462e-04 7.125701e-01
1.720000e+01 7.122794e-01 2.907040e-04 7.125701e-01
1.720000e+01 7.122794e-01 2.907040e-04 7.125701e-01
1.760000e+01 7.123014e-01 2.687124e-04 7.125701e-01
1.760000e+01 7.123014e-01 2.687124e-04 7.125701e-01
1.800000e+01 7.122967e-01 2.734546e-04 7.125701e-01
1.800000e+01 7.122967e-01 2.734546e-04 7.125701e-01
1.840000e+01 7.122801e-01 2.900542e-04 7.125701e-01
1.840000e+01 7.122801e-01 2.900542e-04 7.125701e-01
1.880000e+01 7.122998e-01 2.703799e-04 7.125701e-01
1.880000e+01 7.122998e-01 2.703799e-04 7.125701e-01
1.920000e+01 7.122966e-01 2.735019e-04 7.125701e-01
1.920000e+01 7.122966e-01 2.735019e-04 7.125701e-01
1.960000e+01 7.122758e-01 2.942935e-04 7.125701e-01
1.960000e+01 7.122758e-01 2.942935e-04 7.125701e-01
2.000000e+01 7.122950e-01 2.751392e-04 7.125701e-01
2.000000e+01 7.122950e-01 2.751392e-04 7.125701e-01
2.040000e+01 7.122991e-01 2.710623e-04 7.125701e-01
2.040000e+01 7.122991e-01 2.710623e-04 7.125701e-01
2.080000e+01 7.122805e-01 2.895955e-04 7.125701e-01
2.080000e+01 7.122805e-01 2.895955e-04 7.125701e-01
2.120000e+01 7.122936e-01 2.765185e-04 7.125701e-01
2.120000e+01 7.122936e-01 2.765185e-04 7.125701e-01
2.160000e+01 7.122976e-01 2.725194e-04 7.125701e-01
2.160000e+01 7.122976e-01 2.725194e-04 7.125701e-01
2.200000e+01 7.122818e-01 2.883787e-04 7.125701e-01
2.200000e+01 7.122818e-01 2.883787e-04 7.125701e-01
2.240000e+01 7.122898e-01 2.803051e-04 7.125701e-01
2.240000e+01 7.122898e-01 2.803051e-04 7.125701e-01
2.280000e+01 7.122970e-01 2.731664e-04 7.125701e-01
2.280000e+01 7.122970e-01 2.731664e-04 7.125701e-01
2.320000e+01 7.122889e-01 2.812755e-04 7.125701e-01
2.320000e+01 7.122889e-01 2.812755e-04 7.125701e-01
2.360000e+01 7.122904e-01 2.797019e-04 7.125701e-01
2.360000e+01 7.122904e-01 2.797019e-04 7.125701e-01
2.400000e+01 7.122941e-01 2.760227e-04 7.125701e-01
2.400000e+01 7.122941e-01 2.760227e-04 7.125701e-01
2.440000e+01 7.122901e-01 2.800626e-04 7.125701e-01
2.440000e+01 7.122901e-01 2.800626e-04 7.125701e-01
2.480000e+01 7.122868e-01 2.833315e-04 7.125701e-01
2.480000e+01 7.122868e-01 2.833315e-04 7.125701e-01
2.520000e+01 7.122904e-01 2.797822e-04 7.125701e-01
2.520000e+01 7.122904e-01 2.797822e-04 7.125701e-01
2.560000e+01 7.122932e-01 2.769210e-04 7.125701e-01
2.560000e+01 7.122932e-01 2.769210e-04 7.125701e-01
2.600000e+01 7.122876e-01 2.824845e-04 7.125701e-01
2.600000e+01 7.122876e-01 2.824845e-04 7.125701e-01
2.640000e+01 7.122876e-01 2.825165e-04 7.125701e-01
2.640000e+01 7.122876e-01 2.825165e-04 7.125701e-01
2.680000e+01 7.122914e-01 2.787460e-04 7.125701e-01
2.680000e+01 7.122914e-01 2.787460e-04 7.125701e-01
2.720000e+01 7.122870e-01 2.831537e-04 7.125701e-01
2.720000e+01 7.122870e-01 2.831537e-04 7.125701e-01
2.760000e+01 7.122880e-01 2.821504e-04 7.125701e-01
2.760000e+01 7.122880e-01 2.821504e-04 7.125701e-01
2.800000e+01 7.122938e-01 2.763284e-04 7.125701e-01
2.800000e+01 7.122938e-01 2.763284e-04 7.125701e-01
2.840000e+01 7.122942e-01 2.759591e-04 7.125701e-01
2.840000e+01 7.122942e-01 2.759591e-04 7.125701e-01
2.880000e+01 7.122917e-01 2.783950e-04 7.125701e-01
2.880000e+01 7.122917e-01 2.783950e-04 7.125701e-01
2.920000e+01 7.122896e-01 2.805019e-04 7.125701e-01
2.920000e+01 7.122896e-01 2.805019e-04 7.125701e-01
2.960000e+01 7.122915e-01 2.786440e-04 7.125701e-01
2.960000e+01 7.122915e-01 2.786440e-04 7.125701e-01
3.000000e+01 7.122863e-01 2.838289e-04 7.125701e-01
3.000000e+01 7.122863e-01 2.838289e-04 7.125701e-01
3.040000e+01 7.122820e-01 2.880999e-04 7.125701e-01
3.040000e+01 7.122820e-01 2.880999e-04 7.125701e-01
3.080000e+01 7.122937e-01 2.764624e-04 7.125701e-01
3.080000e+01 7.122937e-01 2.764624e-04 7.125701e-01
3.120000e+01 7.122908e-01 2.793321e-04 7.125701e-01
3.120000e+01 7.122908e-01 2.793321e-04 7.125701e-01
3.160000e+01 7.122835e-01 2.865897e-04 7.125701e-01
3.160000e+01 7.122835e-01 2.865897e-04 7.125701e-01
3.200000e+01 7.122968e-01 2.733481e-04 7.125701e-01
3.200000e+01 7.122968e-01 2.733481e-04 7.125701e-01
3.240000e+01 7.122908e-01 2.793772e-04 7.125701e-01
3.240000e+01 7.122908e-01 2.793772e-04 7.125701e-01
3.280000e+01 7.122801e-01 2.900463e-04 7.125701e-01
3.280000e+01 7.122801e-01 2.900463e-04 7.125701e-01
3.320000e+01 7.122962e-01 2.739489e-04 7.125701e-01
3.320000e+01 7.122962e-01 2.739489e-04 7.125701e-01
3.360000e+01 7.122915e-01 2.786106e-04 7.125701e-01
3.360000e+01 7.122915e-01 2.786106e-04 7.125701e-01
3.400000e+01 7.122799e-01 2.901927e-04 7.125701e-01
3.400000e+01 7.122799e-01 2.901927e-04 7.125701e-01
3.440000e+01 7.122982e-01 2.718941e-04 7.125701e-01
3.440000e+01 7.122982e-01 2.718941e-04 7.125701e-01
3.480000e+01 7.122916e-01 2.785103e-04 7.125701e-01
3.480000e+01 7.122916e-01 2.785103e-04 7.125701e-01
3.520000e+01 7.122754e-01 2.947644e-04 7.125701e-01
3.520000e+01 7.122754e-01 2.947644e-04 7.125701e-01
3.560000e+01 7.122970e-01 2.731323e-04 7.125701e-01
3.560000e+01 7.122970e-01 2.731323e-04 7.125701e-01
3.600000e+01 7.122908e-01 2.793818e-04 7.125701e-01
3.600000e+01 7.122908e-01 2.793818e-04 7.125701e-01
3.640000e+01 7.122726e-01 2.975764e-04 7.125701e-01
3.640000e+01 7.122726e-01 2.975764e-04 7.125701e-01
3.680000e+01 7.123018e-01 2.683115e-04 7.125701e-01
3.680000e+01 7.123018e-01 2.683115e-04 7.125701e-01
3.720000e+01 7.122979e-01 2.722149e-04 7.125701e-01
3.720000e+01 7.122979e-01 2.722149e-04 7.125701e-01
3.760000e+01 7.122711e-01 2.989943e-04 7.125701e-01
3.760000e+01 7.122711e-01 2.989943e-04 7.125701e-01
3.800000e+01 7.122984e-01 2.717192e-04 7.125701e-01
3.800000e+01 7.122984e-01 2.717192e-04 7.125701e-01
3.840000e+01 7.122984e-01 2.717820e-04 7.125701e-01
3.840000e+01 7.122984e-01 2.717820e-04 7.125701e-01
3.880000e+01 7.122652e-01 3.048920e-04 7.125701e-01
3.880000e+01 7.122652e-01 3.048920e-04 7.125701e-01
3.920000e+01 7.122925e-01 2.776581e-04 7.125701e-01
3.920000e+01 7.122925e-01 2.776581e-04 7.125701e-01
3.960000e+01 7.123069e-01 2.632812e-04 7.125701e-01
3.960000e+01 7.123069e-01 2.632812e-04 7.125701e-01
4.000000e+01 7.122679e-01 3.022175e-04 7.125701e-01
4.000000e+01 7.122679e-01 3.022175e-04 7.125701e-01
4.040000e+01 7.122862e-01 2.839052e-04 7.125701e-01
4.040000e+01 7.122862e-01 2.839052e-04 7.125701e-01
4.080000e+01 7.123127e-01 2.574539e-04 7.125701e-01
4.080000e+01 7.123127e-01 2.574539e-04 7.125701e-01
4.120000e+01 7.122703e-01 2.998037e-04 7.125701e-01
4.120000e+01 7.122703e-01 2.998037e-04 7.125701e-01
4.160000e+01 7.122785e-01 2.916164e-04 7.125701e-01
4.160000e+01 7.122785e-01 2.916164e-04 7.125701e-01
4.200000e+01 7.123126e-01 2.574874e-04 7.125701e-01
4.200000e+01 7.123126e-01 2.574874e-04 7.125701e-01
4.240000e+01 7.122740e-01 2.961268e-04 7.125701e-01
4.240000e+01 7.122740e-01 2.961268e-04 7.125701e-01
4.280000e+01 7.122750e-01 2.951513e-04 7.125701e-01
4.280000e+01 7.122750e-01 2.951513e-04 7.125701e-01
4.320000e+01 7.123096e-01 2.605265e-04 7.125701e-01
4.320000e+01 7.123096e-01 2.605265e-04 7.125701e-01
4.360000e+01 7.122817e-01 2.884177e-04 7.125701e-01
4.360000e+01 7.122817e-01 2.884177e-04 7.125701e-01
4.400000e+01 7.122744e-01 2.957351e-04 7.125701e-01
4.400000e+01 7.122744e-01 2.957351e-04 7.125701e-01
4.440000e+01 7.122979e-01 2.722396e-04 7.125701e-01
4.440000e+01 7.122979e-01 2.722396e-04 7.125701e-01
4.480000e+01 7.122859e-01 2.842236e-04 7.125701e-01
4.480000e+01 7.122859e-01 2.842236e-04 7.125701e-01
4.520000e+01 7.122775e-01 2.925729e-04 7.125701e-01
4.520000e+01 7.122775e-01 2.925729e-04 7.125701e-01
4.560000e+01 7.122918e-01 2.783306e-04 7.125701e-01
4.560000e+01 7.122918e-01 2.783306e-04 7.125701e-01
4.600000e+01 7.122945e-01 2.756050e-04 7.125701e-01
4.600000e+01 7.122945e-01 2.756050e-04 7.125701e-01
4.640000e+01 7.122811e-01 2.890129e-04 7.125701e-01
4.640000e+01 7.122811e-01 2.890129e-04 7.125701e-01
4.680000e+01 7.122810e-01 2.891144e-04 7.125701e-01
4.680000e+01 7.122810e-01 2.891144e-04 7.125701e-01
4.720000e+01 7.122913e-01 2.788154e-04 7.125701e-01
4.720000e+01 7.122913e-01 2.788154e-04 7.125701e-01
4.760000e+01 7.122814e-01 2.887626e-04 7.125701e-01
4.760000e+01 7.122814e-01 2.887626e-04 7.125701e-01
4.800000e+01 7.122793e-01 2.908169e-04 7.125701e-01
4.800000e+01 7.122793e-01 2.908169e-04 7.125701e-01
4.840000e+01 7.122940e-01 2.761444e-04 7.125701e-01
4.840000e+01 7.122940e-01 2.761444e-04 7.125701e-01
4.880000e+01 7.122873e-01 2.827633e-04 7.125701e-01
4.880000e+01 7.122873e-01 2.827633e-04 7.125701e-01
4.920000e+01 7.122794e-01 2.907457e-04 7.125701e-01
4.920000e+01 7.122794e-01 2.907457e-04 7.125701e-01
4.960000e+01 7.122863e-01 2.837658e-04 7.125701e-01
4.960000e+01 7.122863e-01 2.837658e-04 7.125701e-01
5.000000e+01 7.122864e-01 2.836794e-04 7.125701e-01
5.000000e+01 7.122864e-01 2.836794e-04 7.125701e-01
